<?xml version="1.0" encoding="UTF-8"?>
<testng-results skipped="0" failed="0" ignored="0" total="1" passed="1">
  <reporter-output>
  </reporter-output>
  <suite name="Default suite" duration-ms="59002" started-at="2019-06-10T04:35:34Z" finished-at="2019-06-10T04:36:33Z">
    <groups>
    </groups>
    <test name="Default test" duration-ms="59002" started-at="2019-06-10T04:35:34Z" finished-at="2019-06-10T04:36:33Z">
      <class name="com.training.sanity.tests.TeacherAddAssignChangeDefaultSettings_ELTC_034">
        <test-method status="PASS" signature="setUpBeforeClass()[pri:0, instance:com.training.sanity.tests.TeacherAddAssignChangeDefaultSettings_ELTC_034@47c62251]" name="setUpBeforeClass" is-config="true" duration-ms="19" started-at="2019-06-10T04:35:34Z" finished-at="2019-06-10T04:35:34Z">
          <reporter-output>
          </reporter-output>
        </test-method> <!-- setUpBeforeClass -->
        <test-method status="PASS" signature="setUp()[pri:0, instance:com.training.sanity.tests.TeacherAddAssignChangeDefaultSettings_ELTC_034@47c62251]" name="setUp" is-config="true" duration-ms="22651" started-at="2019-06-10T04:35:34Z" finished-at="2019-06-10T04:35:57Z">
          <reporter-output>
          </reporter-output>
        </test-method> <!-- setUp -->
        <test-method status="PASS" signature="validLoginTest()[pri:0, instance:com.training.sanity.tests.TeacherAddAssignChangeDefaultSettings_ELTC_034@47c62251]" name="validLoginTest" duration-ms="28622" started-at="2019-06-10T04:35:57Z" finished-at="2019-06-10T04:36:26Z">
          <reporter-output>
          </reporter-output>
        </test-method> <!-- validLoginTest -->
        <test-method status="PASS" signature="tearDown()[pri:0, instance:com.training.sanity.tests.TeacherAddAssignChangeDefaultSettings_ELTC_034@47c62251]" name="tearDown" is-config="true" duration-ms="7677" started-at="2019-06-10T04:36:26Z" finished-at="2019-06-10T04:36:33Z">
          <reporter-output>
          </reporter-output>
        </test-method> <!-- tearDown -->
      </class> <!-- com.training.sanity.tests.TeacherAddAssignChangeDefaultSettings_ELTC_034 -->
    </test> <!-- Default test -->
  </suite> <!-- Default suite -->
</testng-results>
