<?xml version="1.0" encoding="UTF-8"?>
<testng-results skipped="0" failed="0" ignored="0" total="1" passed="1">
  <reporter-output>
  </reporter-output>
  <suite name="Default suite" duration-ms="46674" started-at="2019-05-30T05:14:27Z" finished-at="2019-05-30T05:15:14Z">
    <groups>
    </groups>
    <test name="Default test" duration-ms="46674" started-at="2019-05-30T05:14:27Z" finished-at="2019-05-30T05:15:14Z">
      <class name="com.training.sanity.tests.LoginTest_ELTC_001">
        <test-method status="PASS" signature="setUpBeforeClass()[pri:0, instance:com.training.sanity.tests.LoginTest_ELTC_001@47c62251]" name="setUpBeforeClass" is-config="true" duration-ms="34" started-at="2019-05-30T05:14:27Z" finished-at="2019-05-30T05:14:27Z">
          <reporter-output>
          </reporter-output>
        </test-method> <!-- setUpBeforeClass -->
        <test-method status="PASS" signature="setUp()[pri:0, instance:com.training.sanity.tests.LoginTest_ELTC_001@47c62251]" name="setUp" is-config="true" duration-ms="22199" started-at="2019-05-30T05:14:27Z" finished-at="2019-05-30T05:14:49Z">
          <reporter-output>
          </reporter-output>
        </test-method> <!-- setUp -->
        <test-method status="PASS" signature="validLoginTest()[pri:0, instance:com.training.sanity.tests.LoginTest_ELTC_001@47c62251]" name="validLoginTest" duration-ms="17590" started-at="2019-05-30T05:14:49Z" finished-at="2019-05-30T05:15:07Z">
          <reporter-output>
          </reporter-output>
        </test-method> <!-- validLoginTest -->
        <test-method status="PASS" signature="tearDown()[pri:0, instance:com.training.sanity.tests.LoginTest_ELTC_001@47c62251]" name="tearDown" is-config="true" duration-ms="6807" started-at="2019-05-30T05:15:07Z" finished-at="2019-05-30T05:15:14Z">
          <reporter-output>
          </reporter-output>
        </test-method> <!-- tearDown -->
      </class> <!-- com.training.sanity.tests.LoginTest_ELTC_001 -->
    </test> <!-- Default test -->
  </suite> <!-- Default suite -->
</testng-results>
